#lang checklist

;; %-tags are arbitrary key-value pairs which can be used
;; to annotate item descriptions.  Users can define
;; functions to operate on checklist items based on
;; %-tags.  %due{<date>} is an example tag used by the
;; checklist/date module.

;; @require{} is a special form in Checklist that
;; imports modules.

@require{checklist/date}

[ ] task 1
    %due{2020-Mar-12}
    the first task

[ ] task 2
    %due{2020-Mar-13}
    the second task

[ ] task 3
    %due{2020-Mar-10}
    the third task

[ ] task 4
    %due{2020-Feb-12}
    the fourth task

;; Inline racket code can be written with Checklist's @racket{} form

@racket{
  (define sorted-checklist (checklist-sort-due))
}

;; Sort checklist items using %tags.

@print-checklist-items{sorted-checklist}

